c:\users\thomas\documents\projetvr\kinect\hybriddriver\hybriddriver\x64\debug\hybriddriver.pch
c:\users\thomas\documents\projetvr\kinect\hybriddriver\hybriddriver\x64\debug\vc142.pdb
c:\users\thomas\documents\projetvr\kinect\hybriddriver\hybriddriver\x64\debug\vc142.idb
c:\users\thomas\documents\projetvr\kinect\hybriddriver\hybriddriver\x64\debug\pch.obj
c:\users\thomas\documents\projetvr\kinect\hybriddriver\hybriddriver\x64\debug\hybriddriver.obj
c:\users\thomas\documents\projetvr\kinect\hybriddriver\hybriddriver\x64\debug\driverlog.obj
c:\users\thomas\documents\projetvr\kinect\hybriddriver\hybriddriver\x64\debug\dllmain.obj
c:\users\thomas\documents\projetvr\kinect\hybriddriver\hybriddriver\x64\debug\bodytracking.obj
c:\users\thomas\documents\projetvr\kinect\hybriddriver\x64\debug\hybriddriver.lib
c:\users\thomas\documents\projetvr\kinect\hybriddriver\x64\debug\hybriddriver.exp
c:\users\thomas\documents\projetvr\kinect\hybriddriver\x64\debug\hybriddriver.dll
c:\users\thomas\documents\projetvr\kinect\hybriddriver\x64\debug\hybriddriver.ilk
c:\users\thomas\documents\projetvr\kinect\hybriddriver\x64\debug\hybriddriver.pdb
c:\users\thomas\documents\projetvr\kinect\hybriddriver\hybriddriver\x64\debug\hybriddriver.tlog\cl.command.1.tlog
c:\users\thomas\documents\projetvr\kinect\hybriddriver\hybriddriver\x64\debug\hybriddriver.tlog\cl.read.1.tlog
c:\users\thomas\documents\projetvr\kinect\hybriddriver\hybriddriver\x64\debug\hybriddriver.tlog\cl.write.1.tlog
c:\users\thomas\documents\projetvr\kinect\hybriddriver\hybriddriver\x64\debug\hybriddriver.tlog\hybriddriver.write.1u.tlog
c:\users\thomas\documents\projetvr\kinect\hybriddriver\hybriddriver\x64\debug\hybriddriver.tlog\link.command.1.tlog
c:\users\thomas\documents\projetvr\kinect\hybriddriver\hybriddriver\x64\debug\hybriddriver.tlog\link.read.1.tlog
c:\users\thomas\documents\projetvr\kinect\hybriddriver\hybriddriver\x64\debug\hybriddriver.tlog\link.write.1.tlog
